app/build/intermediates/manifest_merge_blame_file/debug/manifest-merger-blame-debug-report.txt
1<?xml version="1.0" encoding="utf-8"?>
2<manifest xmlns:android="http://schemas.android.com/apk/res/android"
3    package="com.chazzca.pruebamovilforte"
4    android:versionCode="1"
5    android:versionName="1.0" >
6
7    <uses-sdk
8        android:minSdkVersion="16"
8-->src\main\AndroidManifest.xml
9        android:targetSdkVersion="30" />
9-->src\main\AndroidManifest.xml
10
11    <uses-permission android:name="android.permission.INTERNET" />
11-->src\main\AndroidManifest.xml:5:5-67
11-->src\main\AndroidManifest.xml:5:22-64
12    <uses-permission android:name="android.permission.ACCESS_NETWORK_STATE" />
12-->src\main\AndroidManifest.xml:7:5-79
12-->src\main\AndroidManifest.xml:7:22-76
13
14    <application
14-->src\main\AndroidManifest.xml:9:5-32:19
15        android:allowBackup="true"
15-->src\main\AndroidManifest.xml:10:9-35
16        android:appComponentFactory="androidx.core.app.CoreComponentFactory"
16-->[androidx.core:core:1.3.1] AndroidManifest.xml:24:18-86
17        android:debuggable="true"
18        android:icon="@mipmap/ic_launcher"
18-->src\main\AndroidManifest.xml:11:9-43
19        android:label="@string/app_name"
19-->src\main\AndroidManifest.xml:12:9-41
20        android:roundIcon="@mipmap/ic_launcher_round"
20-->src\main\AndroidManifest.xml:13:9-54
21        android:supportsRtl="true"
21-->src\main\AndroidManifest.xml:14:9-35
22        android:testOnly="true"
23        android:theme="@style/AppTheme"
23-->src\main\AndroidManifest.xml:15:9-40
24        android:usesCleartextTraffic="true" >
24-->src\main\AndroidManifest.xml:16:9-44
25        <activity
25-->src\main\AndroidManifest.xml:17:9-18:61
26            android:name="com.chazzca.pruebamovilforte.ListadoActivity"
26-->src\main\AndroidManifest.xml:17:19-50
27            android:screenOrientation="portrait" />
27-->src\main\AndroidManifest.xml:18:13-49
28        <activity
28-->src\main\AndroidManifest.xml:19:9-27:20
29            android:name="com.chazzca.pruebamovilforte.splashscreen.SplashScreen"
29-->src\main\AndroidManifest.xml:21:13-54
30            android:screenOrientation="portrait"
30-->src\main\AndroidManifest.xml:22:13-49
31            android:theme="@style/AppTheme.NoActionBar" >
31-->src\main\AndroidManifest.xml:20:13-56
32            <intent-filter>
32-->src\main\AndroidManifest.xml:23:13-26:29
33                <action android:name="android.intent.action.MAIN" />
33-->src\main\AndroidManifest.xml:24:17-69
33-->src\main\AndroidManifest.xml:24:25-66
34
35                <category android:name="android.intent.category.LAUNCHER" />
35-->src\main\AndroidManifest.xml:25:17-77
35-->src\main\AndroidManifest.xml:25:27-74
36            </intent-filter>
37        </activity>
38        <activity
38-->src\main\AndroidManifest.xml:28:9-31:61
39            android:name="com.chazzca.pruebamovilforte.LoginActivity"
39-->src\main\AndroidManifest.xml:30:13-42
40            android:screenOrientation="portrait"
40-->src\main\AndroidManifest.xml:31:13-49
41            android:theme="@style/AppTheme.NoActionBar" />
41-->src\main\AndroidManifest.xml:29:13-56
42    </application>
43
44</manifest>